!      ---- Modo de Desenho da Barra ---
BU
!      ---- Tamanho da Fonte das Legendas ---
F 1
!      ---- Cores (Fundo - Identificador - Numero - Valor - Grid - Fluxo Ativo - Fluxo Reativo)---
RF 255 255 255
RI 128 0 128
RN 128 0 128
RV 0 0 255
RG 0 0 0
RA 0 0 255
RR 255 0 0
!      ---- Grupos Base de Tensão ----
!Ten  lar  R   G   B ID
!    ---- Componentes ----
!Numero Tipo Rot Hac Px Py Cor sl SubTp ch1 ch2 ch3 ch4 Descrip
C  2  1 257 0 -446.549 -353.204  0  0 -  2  0  0  0 0
C  3  1 257 0 -448.764 -251.336  0  0 -  1  0  0  0 0
C  4  1 769 0 -248.349 -349.274  0  0 -  3  0  0  0 0
C  5  1 513 0   -128   -320  0  0 -  4  0  0  0 0
C  6  1 257 0   -128   -192  0  0 -  5  0  0  0 0
C  7  1 257 0 -253.885 -192.79  0  0 -  6  0  0  0 0
C  8  5 0 0    -64    -96  0  0 -  1  5  0  0 0
C  9  5 0 0    -48   -272  0  0 -  1  4  0  0 0
C 10  4 1 0   -528   -352  0  0 -  1  2  0  0 0
C 11  4 1 0   -544   -240  0  0 -  1  1  0  0 0
C 23  4 1 0   -336   -176  0  0 -  1  6  0  0 0
!      ---- Linhas ----
!Numero Tipo hac sl De Para ch1 nsg segmentos
L13 14 0 0   2   4  1  1 6 
L15 14 0 0   3   4  1  1 8 
L16 14 0 0   4   5  1  1 9 
L17 14 0 0   4   5  2  1 10 
L19 14 0 0   5   6  1  1 12 
L20 14 0 0   6   7  1  1 13 
!     ---- Ligacoes ----
!Numero Flags cor Inic Coni Fin Conf Linhas nqb quebras
U 1 0  0   8   1   6   2  -1   0 
U 2 0  0   9   1   5   2  -1   0 
U 3 0  0  10   1   2   1  -1   0 
U 4 0  0  11   1   3   1  -1   0 
U 6 0  0   2   1   4   1  13   0 
U 8 0  0   3   1   4   7  15   0 
U 9 0  0   4   3   5   1  16   0 
U10 0  0   4   5   5   3  17   0 
U12 0  0   5   5   6   1  19   2  -94.4395 -262.547 -97.7613 -181.717
U13 0  0   6   2   7   2  20   0 
U15 0  0  23   1   7   1  -1   0 
!    ---- Posição de Legenda de Componentes ----
!NumCompo Label Rot Px Py
!     ---- Posição de Legenda de Ligacoes ----
!Lado NumLig Label Px Py
